2021-10-16T15:56:45.020 INFO 控制面板正在启动中... 
2021-10-16T15:56:45.196 INFO Module - 正在初始化用户管理模块
2021-10-16T15:56:45.206 INFO Module - 正在初始化服务端管理模块
2021-10-16T15:56:45.208 INFO Module - 正在初始化计划任务模块
2021-10-16T15:56:45.217 INFO HTTP - 模块监听: [ http://[33m127.0.0.1[39m:23333 ]
2021-10-16T15:56:45.217 INFO 控制面板已经启动
2021-10-16T15:57:03.069 INFO 用户 #XuanFeng 正在尝试登录... 
2021-10-16T15:57:03.072 INFO [ Login ] 用户  #XuanFeng  密匙正确 准许登录 
2021-10-16T15:57:03.483 INFO [ Token ] 用户  #XuanFeng  请求更新令牌 | 准许 
2021-10-16T15:57:03.508 INFO [ WS CREATE ] 新的 Ws 创建 会话ID: [ 2W9X-nbYRtM5tHBcX_hevKXo-wFhiqIC ] 
2021-10-16T15:57:03.508 INFO [ WebSocket INIT ]  用户  #XuanFeng  与服务器建立链接 
2021-10-16T15:58:50.202 INFO 用户 #XuanFeng 建立 testtest 用户 
2021-10-16T15:58:52.333 INFO [ loginout ] 用户  #XuanFeng  退出，会话注销 
2021-10-16T15:58:52.341 INFO [ WebSocket CLOSE ] 用户 #XuanFeng 已经断开链接 
2021-10-16T15:58:56.418 INFO 用户 testtest 正在尝试登录... 
2021-10-16T15:58:56.420 INFO [ Login ] 用户  testtest  密匙正确 准许登录 
2021-10-16T15:58:56.705 INFO [ Token ] 用户  testtest  请求更新令牌 | 准许 
2021-10-16T15:58:56.719 INFO [ WS CREATE ] 新的 Ws 创建 会话ID: [ 2W9X-nbYRtM5tHBcX_hevKXo-wFhiqIC ] 
2021-10-16T15:58:56.727 INFO [ WebSocket INIT ]  用户  testtest  与服务器建立链接 
2021-10-16T16:04:47.973 INFO [ loginout ] 用户  testtest  退出，会话注销 
2021-10-16T16:04:47.980 INFO [ WebSocket CLOSE ] 用户 testtest 已经断开链接 
2021-10-16T16:04:51.841 INFO 用户 #XuanFeng 正在尝试登录... 
2021-10-16T16:04:51.844 INFO [ Login ] 用户  #XuanFeng  密匙正确 准许登录 
2021-10-16T16:04:52.136 INFO [ Token ] 用户  #XuanFeng  请求更新令牌 | 准许 
2021-10-16T16:04:52.158 INFO [ WS CREATE ] 新的 Ws 创建 会话ID: [ 2W9X-nbYRtM5tHBcX_hevKXo-wFhiqIC ] 
2021-10-16T16:04:52.158 INFO [ WebSocket INIT ]  用户  #XuanFeng  与服务器建立链接 
